<?xml version="1.0" encoding="UTF-8"?>
<!-- Generated by org.testng.reporters.JUnitReportReporter -->
<testsuite skipped="0" hostname="Innovapath-HP" name="com.test.CountNoOfVowelsTest" tests="6" failures="0" timestamp="19 Jun 2017 22:29:01 GMT" time="0.042" errors="0">
  <testcase name="method3" time="0.001" classname="com.test.CountNoOfVowelsTest"/>
  <testcase name="method5" time="0.013" classname="com.test.CountNoOfVowelsTest"/>
  <testcase name="method6" time="0.003" classname="com.test.CountNoOfVowelsTest"/>
  <testcase name="method4" time="0.001" classname="com.test.CountNoOfVowelsTest"/>
  <testcase name="method1" time="0.023" classname="com.test.CountNoOfVowelsTest"/>
  <testcase name="method2" time="0.001" classname="com.test.CountNoOfVowelsTest"/>
</testsuite> <!-- com.test.CountNoOfVowelsTest -->
