<?xml version="1.0" encoding="UTF-8"?>
<!-- Generated by org.testng.reporters.JUnitReportReporter -->
<testsuite skipped="0" hostname="Innovapath-HP" name="com.test.LoginPageTest" tests="1" failures="0" timestamp="19 Jun 2017 23:57:38 GMT" time="0.001" errors="0">
  <testcase name="checkLogin" time="0.001" classname="com.test.LoginPageTest"/>
</testsuite> <!-- com.test.LoginPageTest -->
