<?xml version="1.0" encoding="UTF-8"?>
<!-- Generated by org.testng.reporters.JUnitReportReporter -->
<testsuite skipped="0" hostname="Innovapath-HP" name="com.test.CommonTest" tests="1" failures="0" timestamp="21 Jun 2017 22:43:03 GMT" time="0.006" errors="0">
  <testcase name="display" time="0.006" classname="com.test.CommonTest"/>
</testsuite> <!-- com.test.CommonTest -->
