<?xml version="1.0" encoding="UTF-8"?>
<!-- Generated by org.testng.reporters.JUnitReportReporter -->
<testsuite skipped="0" hostname="Innovapath-HP" name="com.test.HomePageTest" tests="4" failures="0" timestamp="20 Jun 2017 00:16:21 GMT" time="0.012" errors="0">
  <testcase name="verifyClickLogin" time="0.002" classname="com.test.HomePageTest"/>
  <testcase name="verifyClickSignUp" time="0.001" classname="com.test.HomePageTest"/>
  <testcase name="verifyClickLogin" time="0.008" classname="com.test.HomePageTest"/>
  <testcase name="verifyClickSignUp" time="0.001" classname="com.test.HomePageTest"/>
</testsuite> <!-- com.test.HomePageTest -->
